[1002/165130.253:ERROR:file_io.cc(89)] ReadExactly: expected 36, observed 0
[1015/093854.504:WARNING:minidump_to_upload_parameters.cc(36)] duplicate key guid, discarding value ba69f127-6938-48f6-ae0f-2e3103772f11
[1016/235154.837:WARNING:minidump_to_upload_parameters.cc(36)] duplicate key guid, discarding value ba69f127-6938-48f6-ae0f-2e3103772f11
[1108/224618.265:ERROR:process_reader_win.cc(154)] SuspendThread: Access is denied. (0x5)
[1108/224618.266:ERROR:process_reader_win.cc(154)] SuspendThread: Access is denied. (0x5)
[1108/224618.266:ERROR:process_reader_win.cc(154)] SuspendThread: Access is denied. (0x5)
[1108/224618.266:ERROR:process_reader_win.cc(126)] NtOpenThread: {Access Denied} A process has requested access to an object, but has not been granted those access rights. (0xc0000022)
[1108/224618.266:ERROR:exception_snapshot_win.cc(98)] thread ID 14556 not found in process
[1108/224618.285:ERROR:process_reader_win.cc(154)] SuspendThread: Access is denied. (0x5)
[1108/224618.285:ERROR:process_reader_win.cc(154)] SuspendThread: Access is denied. (0x5)
[1108/224618.285:ERROR:process_reader_win.cc(154)] SuspendThread: Access is denied. (0x5)
[1108/224618.285:ERROR:process_reader_win.cc(126)] NtOpenThread: {Access Denied} A process has requested access to an object, but has not been granted those access rights. (0xc0000022)
[1108/224618.285:ERROR:exception_snapshot_win.cc(98)] thread ID 7328 not found in process
[1108/224618.345:ERROR:process_reader_win.cc(154)] SuspendThread: Access is denied. (0x5)
[1108/224618.345:ERROR:process_reader_win.cc(154)] SuspendThread: Access is denied. (0x5)
[1108/224618.345:ERROR:process_reader_win.cc(154)] SuspendThread: Access is denied. (0x5)
[1108/224618.345:ERROR:process_reader_win.cc(154)] SuspendThread: Access is denied. (0x5)
[1108/224618.345:ERROR:process_reader_win.cc(154)] SuspendThread: Access is denied. (0x5)
[1108/224618.345:ERROR:process_reader_win.cc(154)] SuspendThread: Access is denied. (0x5)
[1108/224618.345:ERROR:process_reader_win.cc(154)] SuspendThread: Access is denied. (0x5)
[1108/224618.345:ERROR:process_reader_win.cc(154)] SuspendThread: Access is denied. (0x5)
[1108/224618.345:ERROR:process_reader_win.cc(154)] SuspendThread: Access is denied. (0x5)
[1108/224618.345:ERROR:process_reader_win.cc(154)] SuspendThread: Access is denied. (0x5)
[1108/224618.345:ERROR:process_reader_win.cc(154)] SuspendThread: Access is denied. (0x5)
[1108/224618.345:ERROR:process_reader_win.cc(154)] SuspendThread: Access is denied. (0x5)
[1108/224618.345:ERROR:process_reader_win.cc(154)] SuspendThread: Access is denied. (0x5)
[1108/224618.345:ERROR:process_reader_win.cc(154)] SuspendThread: Access is denied. (0x5)
[1108/224618.345:ERROR:process_reader_win.cc(154)] SuspendThread: Access is denied. (0x5)
[1108/224618.345:ERROR:process_reader_win.cc(126)] NtOpenThread: {Access Denied} A process has requested access to an object, but has not been granted those access rights. (0xc0000022)
[1108/224618.345:ERROR:exception_snapshot_win.cc(98)] thread ID 13860 not found in process
[1109/233332.605:ERROR:process_reader_win.cc(154)] SuspendThread: Access is denied. (0x5)
[1109/233332.606:ERROR:process_reader_win.cc(154)] SuspendThread: Access is denied. (0x5)
[1109/233332.606:ERROR:process_reader_win.cc(126)] NtOpenThread: {Access Denied} A process has requested access to an object, but has not been granted those access rights. (0xc0000022)
[1109/233332.607:ERROR:exception_snapshot_win.cc(98)] thread ID 11992 not found in process
[1109/233332.724:ERROR:process_reader_win.cc(154)] SuspendThread: Access is denied. (0x5)
[1109/233332.724:ERROR:process_reader_win.cc(154)] SuspendThread: Access is denied. (0x5)
[1109/233332.725:ERROR:process_reader_win.cc(126)] NtOpenThread: {Access Denied} A process has requested access to an object, but has not been granted those access rights. (0xc0000022)
[1109/233332.725:ERROR:exception_snapshot_win.cc(98)] thread ID 15340 not found in process
[1109/233332.778:ERROR:process_reader_win.cc(154)] SuspendThread: Access is denied. (0x5)
[1109/233332.778:ERROR:process_reader_win.cc(154)] SuspendThread: Access is denied. (0x5)
[1109/233332.778:ERROR:process_reader_win.cc(154)] SuspendThread: Access is denied. (0x5)
[1109/233332.778:ERROR:process_reader_win.cc(154)] SuspendThread: Access is denied. (0x5)
[1109/233332.778:ERROR:process_reader_win.cc(154)] SuspendThread: Access is denied. (0x5)
[1109/233332.778:ERROR:process_reader_win.cc(154)] SuspendThread: Access is denied. (0x5)
[1109/233332.778:ERROR:process_reader_win.cc(154)] SuspendThread: Access is denied. (0x5)
[1109/233332.778:ERROR:process_reader_win.cc(154)] SuspendThread: Access is denied. (0x5)
[1109/233332.778:ERROR:process_reader_win.cc(154)] SuspendThread: Access is denied. (0x5)
[1109/233332.778:ERROR:process_reader_win.cc(154)] SuspendThread: Access is denied. (0x5)
[1109/233332.778:ERROR:process_reader_win.cc(154)] SuspendThread: Access is denied. (0x5)
[1109/233332.778:ERROR:process_reader_win.cc(154)] SuspendThread: Access is denied. (0x5)
[1109/233332.778:ERROR:process_reader_win.cc(154)] SuspendThread: Access is denied. (0x5)
[1109/233332.778:ERROR:process_reader_win.cc(126)] NtOpenThread: {Access Denied} A process has requested access to an object, but has not been granted those access rights. (0xc0000022)
[1109/233332.778:ERROR:exception_snapshot_win.cc(98)] thread ID 1192 not found in process
[1109/233332.798:ERROR:process_reader_win.cc(154)] SuspendThread: Access is denied. (0x5)
[1109/233332.798:ERROR:process_reader_win.cc(154)] SuspendThread: Access is denied. (0x5)
[1109/233332.798:ERROR:process_reader_win.cc(154)] SuspendThread: Access is denied. (0x5)
[1109/233332.798:ERROR:process_reader_win.cc(154)] SuspendThread: Access is denied. (0x5)
[1109/233332.798:ERROR:process_reader_win.cc(154)] SuspendThread: Access is denied. (0x5)
[1109/233332.798:ERROR:process_reader_win.cc(154)] SuspendThread: Access is denied. (0x5)
[1109/233332.798:ERROR:process_reader_win.cc(154)] SuspendThread: Access is denied. (0x5)
[1109/233332.798:ERROR:process_reader_win.cc(154)] SuspendThread: Access is denied. (0x5)
[1109/233332.798:ERROR:process_reader_win.cc(154)] SuspendThread: Access is denied. (0x5)
[1109/233332.798:ERROR:process_reader_win.cc(154)] SuspendThread: Access is denied. (0x5)
[1109/233332.798:ERROR:process_reader_win.cc(154)] SuspendThread: Access is denied. (0x5)
[1109/233332.798:ERROR:process_reader_win.cc(154)] SuspendThread: Access is denied. (0x5)
[1109/233332.798:ERROR:process_reader_win.cc(154)] SuspendThread: Access is denied. (0x5)
[1109/233332.798:ERROR:process_reader_win.cc(154)] SuspendThread: Access is denied. (0x5)
[1109/233332.798:ERROR:process_reader_win.cc(154)] SuspendThread: Access is denied. (0x5)
[1109/233332.798:ERROR:process_reader_win.cc(126)] NtOpenThread: {Access Denied} A process has requested access to an object, but has not been granted those access rights. (0xc0000022)
[1109/233332.798:ERROR:exception_snapshot_win.cc(98)] thread ID 12216 not found in process
[1109/233332.819:ERROR:process_reader_win.cc(154)] SuspendThread: Access is denied. (0x5)
[1109/233332.820:ERROR:process_reader_win.cc(154)] SuspendThread: Access is denied. (0x5)
[1109/233332.820:ERROR:process_reader_win.cc(154)] SuspendThread: Access is denied. (0x5)
[1109/233332.820:ERROR:process_reader_win.cc(154)] SuspendThread: Access is denied. (0x5)
[1109/233332.820:ERROR:process_reader_win.cc(154)] SuspendThread: Access is denied. (0x5)
[1109/233332.820:ERROR:process_reader_win.cc(154)] SuspendThread: Access is denied. (0x5)
[1109/233332.820:ERROR:process_reader_win.cc(154)] SuspendThread: Access is denied. (0x5)
[1109/233332.820:ERROR:process_reader_win.cc(154)] SuspendThread: Access is denied. (0x5)
[1109/233332.820:ERROR:process_reader_win.cc(154)] SuspendThread: Access is denied. (0x5)
[1109/233332.820:ERROR:process_reader_win.cc(154)] SuspendThread: Access is denied. (0x5)
[1109/233332.820:ERROR:process_reader_win.cc(154)] SuspendThread: Access is denied. (0x5)
[1109/233332.820:ERROR:process_reader_win.cc(154)] SuspendThread: Access is denied. (0x5)
[1109/233332.820:ERROR:process_reader_win.cc(154)] SuspendThread: Access is denied. (0x5)
[1109/233332.820:ERROR:process_reader_win.cc(154)] SuspendThread: Access is denied. (0x5)
[1109/233332.820:ERROR:process_reader_win.cc(126)] NtOpenThread: {Access Denied} A process has requested access to an object, but has not been granted those access rights. (0xc0000022)
[1109/233332.820:ERROR:exception_snapshot_win.cc(98)] thread ID 7036 not found in process
[1109/233332.839:ERROR:process_reader_win.cc(154)] SuspendThread: Access is denied. (0x5)
[1109/233332.839:ERROR:process_reader_win.cc(154)] SuspendThread: Access is denied. (0x5)
[1109/233332.839:ERROR:process_reader_win.cc(154)] SuspendThread: Access is denied. (0x5)
[1109/233332.839:ERROR:process_reader_win.cc(154)] SuspendThread: Access is denied. (0x5)
[1109/233332.839:ERROR:process_reader_win.cc(154)] SuspendThread: Access is denied. (0x5)
[1109/233332.839:ERROR:process_reader_win.cc(154)] SuspendThread: Access is denied. (0x5)
[1109/233332.839:ERROR:process_reader_win.cc(154)] SuspendThread: Access is denied. (0x5)
[1109/233332.839:ERROR:process_reader_win.cc(154)] SuspendThread: Access is denied. (0x5)
[1109/233332.839:ERROR:process_reader_win.cc(154)] SuspendThread: Access is denied. (0x5)
[1109/233332.839:ERROR:process_reader_win.cc(154)] SuspendThread: Access is denied. (0x5)
[1109/233332.839:ERROR:process_reader_win.cc(154)] SuspendThread: Access is denied. (0x5)
[1109/233332.839:ERROR:process_reader_win.cc(154)] SuspendThread: Access is denied. (0x5)
[1109/233332.839:ERROR:process_reader_win.cc(154)] SuspendThread: Access is denied. (0x5)
[1109/233332.839:ERROR:process_reader_win.cc(154)] SuspendThread: Access is denied. (0x5)
[1109/233332.839:ERROR:process_reader_win.cc(126)] NtOpenThread: {Access Denied} A process has requested access to an object, but has not been granted those access rights. (0xc0000022)
[1109/233332.839:ERROR:exception_snapshot_win.cc(98)] thread ID 15192 not found in process
